build/app/intermediates/manifest_merge_blame_file/debug/manifest-merger-blame-debug-report.txt
1<?xml version="1.0" encoding="utf-8"?>
2<manifest xmlns:android="http://schemas.android.com/apk/res/android"
3    package="com.example.ECommerceApp"
4    android:versionCode="1"
5    android:versionName="2.0.0" >
6
7    <uses-sdk
8        android:minSdkVersion="23"
9        android:targetSdkVersion="29" />
10    <!--
11         Flutter needs it to communicate with the running application
12         to allow setting breakpoints, to provide hot reload, etc.
13    -->
14    <uses-permission android:name="android.permission.INTERNET" />
14-->src\debug\AndroidManifest.xml:6:5-66
14-->src\debug\AndroidManifest.xml:6:22-64
15    <uses-permission android:name="android.permission.ACCESS_NETWORK_STATE" />
15-->[com.google.firebase:firebase-auth:21.0.3] AndroidManifest.xml:24:5-79
15-->[com.google.firebase:firebase-auth:21.0.3] AndroidManifest.xml:24:22-76
16    <!--
17 io.flutter.app.FlutterApplication is an android.app.Application that
18         calls FlutterMain.startInitialization(this); in its onCreate method.
19         In most cases you can leave this as-is, but you if you want to provide
20         additional functionality it is fine to subclass or reimplement
21         FlutterApplication and put your custom class here.
22    -->
23    <application
24        android:name="android.app.Application"
25        android:appComponentFactory="androidx.core.app.CoreComponentFactory"
25-->[androidx.core:core:1.6.0] AndroidManifest.xml:24:18-86
26        android:debuggable="true"
27        android:icon="@mipmap/ic_launcher"
28        android:label="ECommerceApp" >
29        <activity
30            android:name="com.example.ECommerceApp.MainActivity"
31            android:configChanges="orientation|keyboardHidden|keyboard|screenSize|smallestScreenSize|locale|layoutDirection|fontScale|screenLayout|density|uiMode"
32            android:hardwareAccelerated="true"
33            android:launchMode="singleTop"
34            android:theme="@style/LaunchTheme"
35            android:windowSoftInputMode="adjustResize" >
36
37            <!--
38                 Specifies an Android theme to apply to this Activity as soon as
39                 the Android process has started. This theme is visible to the user
40                 while the Flutter UI initializes. After that, this theme continues
41                 to determine the Window background behind the Flutter UI.
42            -->
43            <meta-data
44                android:name="io.flutter.embedding.android.NormalTheme"
45                android:resource="@style/NormalTheme" />
46            <!--
47                 Displays an Android View that continues showing the launch screen
48                 Drawable until Flutter paints its first frame, then this splash
49                 screen fades out. A splash screen is useful to avoid any visual
50                 gap between the end of Android's launch screen and the painting of
51                 Flutter's first frame.
52            -->
53            <meta-data
54                android:name="io.flutter.embedding.android.SplashScreenDrawable"
55                android:resource="@drawable/launch_background" />
56
57            <intent-filter>
58                <action android:name="android.intent.action.MAIN" />
59
60                <category android:name="android.intent.category.LAUNCHER" />
61            </intent-filter>
62        </activity>
63        <!--
64             Don't delete the meta-data below.
65             This is used by the Flutter tool to generate GeneratedPluginRegistrant.java
66        -->
67        <meta-data
68            android:name="flutterEmbedding"
69            android:value="2" />
70
71        <service
71-->[:firebase_auth] AndroidManifest.xml:8:9-12:19
72            android:name="com.google.firebase.components.ComponentDiscoveryService"
72-->[:firebase_auth] AndroidManifest.xml:8:18-89
73            android:directBootAware="true"
73-->[com.google.firebase:firebase-common:20.1.0] AndroidManifest.xml:35:13-43
74            android:exported="false" >
74-->[com.google.firebase:firebase-auth:21.0.3] AndroidManifest.xml:66:13-37
75            <meta-data
75-->[:firebase_auth] AndroidManifest.xml:9:13-11:85
76                android:name="com.google.firebase.components:io.flutter.plugins.firebase.auth.FlutterFirebaseAuthRegistrar"
76-->[:firebase_auth] AndroidManifest.xml:10:17-124
77                android:value="com.google.firebase.components.ComponentRegistrar" />
77-->[:firebase_auth] AndroidManifest.xml:11:17-82
78            <meta-data
78-->[:firebase_core] AndroidManifest.xml:9:13-11:85
79                android:name="com.google.firebase.components:io.flutter.plugins.firebase.core.FlutterFirebaseCoreRegistrar"
79-->[:firebase_core] AndroidManifest.xml:10:17-124
80                android:value="com.google.firebase.components.ComponentRegistrar" />
80-->[:firebase_core] AndroidManifest.xml:11:17-82
81            <meta-data
81-->[com.google.firebase:firebase-auth:21.0.3] AndroidManifest.xml:67:13-69:85
82                android:name="com.google.firebase.components:com.google.firebase.auth.FirebaseAuthRegistrar"
82-->[com.google.firebase:firebase-auth:21.0.3] AndroidManifest.xml:68:17-109
83                android:value="com.google.firebase.components.ComponentRegistrar" />
83-->[com.google.firebase:firebase-auth:21.0.3] AndroidManifest.xml:69:17-82
84        </service>
85
86        <uses-library
86-->[androidx.window:window:1.0.0-beta04] AndroidManifest.xml:25:9-27:40
87            android:name="androidx.window.extensions"
87-->[androidx.window:window:1.0.0-beta04] AndroidManifest.xml:26:13-54
88            android:required="false" />
88-->[androidx.window:window:1.0.0-beta04] AndroidManifest.xml:27:13-37
89        <uses-library
89-->[androidx.window:window:1.0.0-beta04] AndroidManifest.xml:28:9-30:40
90            android:name="androidx.window.sidecar"
90-->[androidx.window:window:1.0.0-beta04] AndroidManifest.xml:29:13-51
91            android:required="false" />
91-->[androidx.window:window:1.0.0-beta04] AndroidManifest.xml:30:13-37
92
93        <activity
93-->[com.google.firebase:firebase-auth:21.0.3] AndroidManifest.xml:27:9-44:20
94            android:name="com.google.firebase.auth.internal.GenericIdpActivity"
94-->[com.google.firebase:firebase-auth:21.0.3] AndroidManifest.xml:28:13-80
95            android:excludeFromRecents="true"
95-->[com.google.firebase:firebase-auth:21.0.3] AndroidManifest.xml:29:13-46
96            android:exported="true"
96-->[com.google.firebase:firebase-auth:21.0.3] AndroidManifest.xml:30:13-36
97            android:launchMode="singleTask"
97-->[com.google.firebase:firebase-auth:21.0.3] AndroidManifest.xml:31:13-44
98            android:theme="@android:style/Theme.Translucent.NoTitleBar" >
98-->[com.google.firebase:firebase-auth:21.0.3] AndroidManifest.xml:32:13-72
99            <intent-filter>
99-->[com.google.firebase:firebase-auth:21.0.3] AndroidManifest.xml:33:13-43:29
100                <action android:name="android.intent.action.VIEW" />
100-->[com.google.firebase:firebase-auth:21.0.3] AndroidManifest.xml:34:17-69
100-->[com.google.firebase:firebase-auth:21.0.3] AndroidManifest.xml:34:25-66
101
102                <category android:name="android.intent.category.DEFAULT" />
102-->[com.google.firebase:firebase-auth:21.0.3] AndroidManifest.xml:36:17-76
102-->[com.google.firebase:firebase-auth:21.0.3] AndroidManifest.xml:36:27-73
103                <category android:name="android.intent.category.BROWSABLE" />
103-->[com.google.firebase:firebase-auth:21.0.3] AndroidManifest.xml:37:17-78
103-->[com.google.firebase:firebase-auth:21.0.3] AndroidManifest.xml:37:27-75
104
105                <data
105-->[com.google.firebase:firebase-auth:21.0.3] AndroidManifest.xml:39:17-42:51
106                    android:host="firebase.auth"
106-->[com.google.firebase:firebase-auth:21.0.3] AndroidManifest.xml:40:21-49
107                    android:path="/"
107-->[com.google.firebase:firebase-auth:21.0.3] AndroidManifest.xml:41:21-37
108                    android:scheme="genericidp" />
108-->[com.google.firebase:firebase-auth:21.0.3] AndroidManifest.xml:42:21-48
109            </intent-filter>
110        </activity>
111        <activity
111-->[com.google.firebase:firebase-auth:21.0.3] AndroidManifest.xml:45:9-62:20
112            android:name="com.google.firebase.auth.internal.RecaptchaActivity"
112-->[com.google.firebase:firebase-auth:21.0.3] AndroidManifest.xml:46:13-79
113            android:excludeFromRecents="true"
113-->[com.google.firebase:firebase-auth:21.0.3] AndroidManifest.xml:47:13-46
114            android:exported="true"
114-->[com.google.firebase:firebase-auth:21.0.3] AndroidManifest.xml:48:13-36
115            android:launchMode="singleTask"
115-->[com.google.firebase:firebase-auth:21.0.3] AndroidManifest.xml:49:13-44
116            android:theme="@android:style/Theme.Translucent.NoTitleBar" >
116-->[com.google.firebase:firebase-auth:21.0.3] AndroidManifest.xml:50:13-72
117            <intent-filter>
117-->[com.google.firebase:firebase-auth:21.0.3] AndroidManifest.xml:51:13-61:29
118                <action android:name="android.intent.action.VIEW" />
118-->[com.google.firebase:firebase-auth:21.0.3] AndroidManifest.xml:34:17-69
118-->[com.google.firebase:firebase-auth:21.0.3] AndroidManifest.xml:34:25-66
119
120                <category android:name="android.intent.category.DEFAULT" />
120-->[com.google.firebase:firebase-auth:21.0.3] AndroidManifest.xml:36:17-76
120-->[com.google.firebase:firebase-auth:21.0.3] AndroidManifest.xml:36:27-73
121                <category android:name="android.intent.category.BROWSABLE" />
121-->[com.google.firebase:firebase-auth:21.0.3] AndroidManifest.xml:37:17-78
121-->[com.google.firebase:firebase-auth:21.0.3] AndroidManifest.xml:37:27-75
122
123                <data
123-->[com.google.firebase:firebase-auth:21.0.3] AndroidManifest.xml:39:17-42:51
124                    android:host="firebase.auth"
124-->[com.google.firebase:firebase-auth:21.0.3] AndroidManifest.xml:40:21-49
125                    android:path="/"
125-->[com.google.firebase:firebase-auth:21.0.3] AndroidManifest.xml:41:21-37
126                    android:scheme="recaptcha" />
126-->[com.google.firebase:firebase-auth:21.0.3] AndroidManifest.xml:42:21-48
127            </intent-filter>
128        </activity>
129
130        <provider
130-->[com.google.firebase:firebase-common:20.1.0] AndroidManifest.xml:26:9-31:39
131            android:name="com.google.firebase.provider.FirebaseInitProvider"
131-->[com.google.firebase:firebase-common:20.1.0] AndroidManifest.xml:27:13-77
132            android:authorities="com.example.ECommerceApp.firebaseinitprovider"
132-->[com.google.firebase:firebase-common:20.1.0] AndroidManifest.xml:28:13-72
133            android:directBootAware="true"
133-->[com.google.firebase:firebase-common:20.1.0] AndroidManifest.xml:29:13-43
134            android:exported="false"
134-->[com.google.firebase:firebase-common:20.1.0] AndroidManifest.xml:30:13-37
135            android:initOrder="100" />
135-->[com.google.firebase:firebase-common:20.1.0] AndroidManifest.xml:31:13-36
136
137        <activity
137-->[com.google.android.gms:play-services-base:17.1.0] AndroidManifest.xml:23:9-26:75
138            android:name="com.google.android.gms.common.api.GoogleApiActivity"
138-->[com.google.android.gms:play-services-base:17.1.0] AndroidManifest.xml:24:13-79
139            android:exported="false"
139-->[com.google.android.gms:play-services-base:17.1.0] AndroidManifest.xml:25:13-37
140            android:theme="@android:style/Theme.Translucent.NoTitleBar" />
140-->[com.google.android.gms:play-services-base:17.1.0] AndroidManifest.xml:26:13-72
141
142        <meta-data
142-->[com.google.android.gms:play-services-basement:18.0.0] AndroidManifest.xml:21:9-23:69
143            android:name="com.google.android.gms.version"
143-->[com.google.android.gms:play-services-basement:18.0.0] AndroidManifest.xml:22:13-58
144            android:value="@integer/google_play_services_version" />
144-->[com.google.android.gms:play-services-basement:18.0.0] AndroidManifest.xml:23:13-66
145    </application>
146
147</manifest>